[1005/210955.254:ERROR:process_reader_win.cc(151)] SuspendThread: Accès refusé. (0x5)
[1005/210955.256:ERROR:process_reader_win.cc(151)] SuspendThread: Accès refusé. (0x5)
[1005/210955.256:ERROR:process_reader_win.cc(151)] SuspendThread: Accès refusé. (0x5)
[1005/210955.256:ERROR:process_reader_win.cc(151)] SuspendThread: Accès refusé. (0x5)
[1005/210955.256:ERROR:process_reader_win.cc(151)] SuspendThread: Accès refusé. (0x5)
[1005/210955.256:ERROR:process_reader_win.cc(151)] SuspendThread: Accès refusé. (0x5)
[1005/210955.256:ERROR:process_reader_win.cc(151)] SuspendThread: Accès refusé. (0x5)
[1005/210955.256:ERROR:process_reader_win.cc(151)] SuspendThread: Accès refusé. (0x5)
[1005/210955.257:ERROR:process_reader_win.cc(151)] SuspendThread: Accès refusé. (0x5)
[1005/210955.257:ERROR:process_reader_win.cc(151)] SuspendThread: Accès refusé. (0x5)
[1005/210955.257:ERROR:process_reader_win.cc(151)] SuspendThread: Accès refusé. (0x5)
[1005/210955.257:ERROR:process_reader_win.cc(151)] SuspendThread: Accès refusé. (0x5)
[1005/210955.257:ERROR:process_reader_win.cc(123)] NtOpenThread: {Accès refusé} Un processus a demandé l’accès a un objet, mais il ne bénéficie pas des autorisations nécessaires. (0xc0000022)
[1005/210955.259:ERROR:exception_snapshot_win.cc(99)] thread ID 11448 not found in process
[1005/210955.264:ERROR:process_reader_win.cc(151)] SuspendThread: Accès refusé. (0x5)
[1005/210955.264:ERROR:process_reader_win.cc(151)] SuspendThread: Accès refusé. (0x5)
[1005/210955.264:ERROR:process_reader_win.cc(151)] SuspendThread: Accès refusé. (0x5)
[1005/210955.264:ERROR:process_reader_win.cc(151)] SuspendThread: Accès refusé. (0x5)
[1005/210955.264:ERROR:process_reader_win.cc(123)] NtOpenThread: {Accès refusé} Un processus a demandé l’accès a un objet, mais il ne bénéficie pas des autorisations nécessaires. (0xc0000022)
[1005/210955.264:ERROR:process_reader_win.cc(151)] SuspendThread: Accès refusé. (0x5)
[1005/210955.265:ERROR:exception_snapshot_win.cc(99)] thread ID 4428 not found in process
[1005/210955.265:ERROR:process_reader_win.cc(151)] SuspendThread: Accès refusé. (0x5)
[1005/210955.265:ERROR:process_reader_win.cc(151)] SuspendThread: Accès refusé. (0x5)
[1005/210955.265:ERROR:process_reader_win.cc(151)] SuspendThread: Accès refusé. (0x5)
[1005/210955.265:ERROR:process_reader_win.cc(151)] SuspendThread: Accès refusé. (0x5)
[1005/210955.265:ERROR:process_reader_win.cc(151)] SuspendThread: Accès refusé. (0x5)
[1005/210955.265:ERROR:process_reader_win.cc(123)] NtOpenThread: {Accès refusé} Un processus a demandé l’accès a un objet, mais il ne bénéficie pas des autorisations nécessaires. (0xc0000022)
[1005/210955.265:ERROR:exception_snapshot_win.cc(99)] thread ID 12896 not found in process
[1005/210955.275:ERROR:process_reader_win.cc(151)] SuspendThread: Accès refusé. (0x5)
[1005/210955.275:ERROR:process_reader_win.cc(151)] SuspendThread: Accès refusé. (0x5)
[1005/210955.275:ERROR:process_reader_win.cc(151)] SuspendThread: Accès refusé. (0x5)
[1005/210955.275:ERROR:process_reader_win.cc(151)] SuspendThread: Accès refusé. (0x5)
[1005/210955.275:ERROR:process_reader_win.cc(151)] SuspendThread: Accès refusé. (0x5)
[1005/210955.275:ERROR:process_reader_win.cc(151)] SuspendThread: Accès refusé. (0x5)
[1005/210955.275:ERROR:process_reader_win.cc(151)] SuspendThread: Accès refusé. (0x5)
[1005/210955.275:ERROR:process_reader_win.cc(151)] SuspendThread: Accès refusé. (0x5)
[1005/210955.275:ERROR:process_reader_win.cc(151)] SuspendThread: Accès refusé. (0x5)
[1005/210955.275:ERROR:process_reader_win.cc(151)] SuspendThread: Accès refusé. (0x5)
[1005/210955.275:ERROR:process_reader_win.cc(151)] SuspendThread: Accès refusé. (0x5)
[1005/210955.275:ERROR:process_reader_win.cc(123)] NtOpenThread: {Accès refusé} Un processus a demandé l’accès a un objet, mais il ne bénéficie pas des autorisations nécessaires. (0xc0000022)
[1005/210955.276:ERROR:exception_snapshot_win.cc(99)] thread ID 1836 not found in process
[1005/210955.282:ERROR:process_reader_win.cc(151)] SuspendThread: Accès refusé. (0x5)
[1005/210955.282:ERROR:process_reader_win.cc(151)] SuspendThread: Accès refusé. (0x5)
[1005/210955.282:ERROR:exception_snapshot_win.cc(99)] thread ID 11576 not found in process
[1005/210955.311:ERROR:process_info.cc(329)] VirtualQueryEx: Accès refusé. (0x5)
[1005/210955.311:ERROR:process_info.cc(556)] ReadMemoryInfo failed
[1005/210955.311:ERROR:process_memory_win.cc(39)] Failed to initialize ProcessInfo.
[1005/210955.312:ERROR:scoped_process_suspend.cc(40)] NtResumeProcess: Tentative d’accès à un processus en cours d’arrêt. (0xc000010a)
[1013/102230.918:ERROR:directory_reader_win.cc(43)] FindFirstFile: Le chemin d’accès spécifié est introuvable. (0x3)
[1013/190955.290:ERROR:directory_reader_win.cc(43)] FindFirstFile: Le chemin d’accès spécifié est introuvable. (0x3)
[1019/140001.442:ERROR:directory_reader_win.cc(43)] FindFirstFile: Le chemin d’accès spécifié est introuvable. (0x3)
[1021/163342.154:ERROR:directory_reader_win.cc(43)] FindFirstFile: Le chemin d’accès spécifié est introuvable. (0x3)
[1104/161854.745:ERROR:directory_reader_win.cc(43)] FindFirstFile: Le chemin d’accès spécifié est introuvable. (0x3)
